absolute error = 1e16
131160 39 39 
Data = xgc_f64.dat
Required eb = 1e+16
scaling factor = 8.0000
Compression time: 6.9008s
131160 39 39 
Decompression time: 6.1722s
Max value = 1.48293e+18, min value = 3154.32
Max error = 6.3457e+15, pos = 156036337
MSE = 1.74065e+29, PSNR = 71.0153
Compression ratio = 305.479
Reading: xgc.mesh.bp
Reading: xgc.f0.mesh.bp
Reading: xgc.fluxavg.bp
Reading: xgc.mesh.bp
Reading: xgc.equil.bp
sml_00_npsi, sml_inpsi, sml_outpsi= 400 0.0 1.1
sml_nphi_total= 8

density, shape = (8, 16395): L-inf error = 0.07914443337941178, rmse = 5.893438857057315e+17
u_para, shape = (8, 16395): L-inf error = 0.5484048020524344, rmse = 3170.9217872720783
T_perp, shape = (8, 16395): L-inf error = 0.03854010605238767, rmse = 22.507973369719895
T_para, shape = (8, 16395): L-inf error = 0.09771555157764494, rmse = 43.92749073700043
n0_avg, shape = (16395,): L-inf error = 0.0006948697777472016, rmse = 1.1142225662219392e+16
T0_avg, shape = (16395,): L-inf error = 0.0042238660428017645, rmse = 4.057060300511496
absolute error = 5e15
131160 39 39 
Data = xgc_f64.dat
Required eb = 5e+15
scaling factor = 8.0000
Compression time: 6.93816s
131160 39 39 
Decompression time: 5.96805s
Max value = 1.48293e+18, min value = 3154.32
Max error = 3.19096e+15, pos = 170691211
MSE = 7.55283e+28, PSNR = 74.6413
Compression ratio = 183.571
Reading: xgc.mesh.bp
Reading: xgc.f0.mesh.bp
Reading: xgc.fluxavg.bp
Reading: xgc.mesh.bp
Reading: xgc.equil.bp
sml_00_npsi, sml_inpsi, sml_outpsi= 400 0.0 1.1
sml_nphi_total= 8

density, shape = (8, 16395): L-inf error = 0.04888361745962569, rmse = 3.636392135620583e+17
u_para, shape = (8, 16395): L-inf error = 0.21074535362693347, rmse = 2282.311258497091
T_perp, shape = (8, 16395): L-inf error = 0.026979316428293047, rmse = 16.677738332395634
T_para, shape = (8, 16395): L-inf error = 0.08137705202391858, rmse = 29.084456375582818
n0_avg, shape = (16395,): L-inf error = 0.00046032674020477963, rmse = 4038552294154358.5
T0_avg, shape = (16395,): L-inf error = 0.0012854602969342168, rmse = 1.6145304787627837
absolute error = 1e15
131160 39 39 
Data = xgc_f64.dat
Required eb = 1e+15
scaling factor = 8.0000
Compression time: 7.19285s
131160 39 39 
Decompression time: 6.3598s
Max value = 1.48293e+18, min value = 3154.32
Max error = 6.35142e+14, pos = 156421161
MSE = 8.209e+27, PSNR = 84.2795
Compression ratio = 68.6503
Reading: xgc.mesh.bp
Reading: xgc.f0.mesh.bp
Reading: xgc.fluxavg.bp
Reading: xgc.mesh.bp
Reading: xgc.equil.bp
sml_00_npsi, sml_inpsi, sml_outpsi= 400 0.0 1.1
sml_nphi_total= 8

density, shape = (8, 16395): L-inf error = 0.018302197768649345, rmse = 1.594525260982897e+17
u_para, shape = (8, 16395): L-inf error = 0.040595951566773085, rmse = 756.096316904711
T_perp, shape = (8, 16395): L-inf error = 0.008560471144513936, rmse = 5.578196658524496
T_para, shape = (8, 16395): L-inf error = 0.015234200489524497, rmse = 13.217875278797235
n0_avg, shape = (16395,): L-inf error = 5.757396129989719e-05, rmse = 1082335835905051.9
T0_avg, shape = (16395,): L-inf error = 0.0002549735639458394, rmse = 0.5458572957722284
absolute error = 5e14
131160 39 39 
Data = xgc_f64.dat
Required eb = 5e+14
scaling factor = 8.0000
Compression time: 7.42061s
131160 39 39 
Decompression time: 6.53054s
Max value = 1.48293e+18, min value = 3154.32
Max error = 3.23904e+14, pos = 45458539
MSE = 2.9761e+27, PSNR = 88.6859
Compression ratio = 47.9858
Reading: xgc.mesh.bp
Reading: xgc.f0.mesh.bp
Reading: xgc.fluxavg.bp
Reading: xgc.mesh.bp
Reading: xgc.equil.bp
sml_00_npsi, sml_inpsi, sml_outpsi= 400 0.0 1.1
sml_nphi_total= 8

density, shape = (8, 16395): L-inf error = 0.011356185125703805, rmse = 9.564837276662526e+16
u_para, shape = (8, 16395): L-inf error = 0.02529836871538622, rmse = 433.78927373130773
T_perp, shape = (8, 16395): L-inf error = 0.006319766125592639, rmse = 4.406358018723655
T_para, shape = (8, 16395): L-inf error = 0.01092052815036294, rmse = 9.657824691040586
n0_avg, shape = (16395,): L-inf error = 9.007808458091733e-05, rmse = 305647311913772.2
T0_avg, shape = (16395,): L-inf error = 0.00010384547858774043, rmse = 0.10922615546105958
absolute error = 1e14
131160 39 39 
Data = xgc_f64.dat
Required eb = 1e+14
scaling factor = 8.0000
Compression time: 7.69917s
131160 39 39 
Decompression time: 7.43372s
Max value = 1.48293e+18, min value = 3154.32
Max error = 6.9708e+13, pos = 162444827
MSE = 2.09993e+26, PSNR = 100.2
Compression ratio = 23.8524
Reading: xgc.mesh.bp
Reading: xgc.f0.mesh.bp
Reading: xgc.fluxavg.bp
Reading: xgc.mesh.bp
Reading: xgc.equil.bp
sml_00_npsi, sml_inpsi, sml_outpsi= 400 0.0 1.1
sml_nphi_total= 8

density, shape = (8, 16395): L-inf error = 0.002083981413475569, rmse = 1.4365653976641552e+16
u_para, shape = (8, 16395): L-inf error = 0.005761878642963322, rmse = 132.13295188199268
T_perp, shape = (8, 16395): L-inf error = 0.0026816183672638614, rmse = 1.950232524855382
T_para, shape = (8, 16395): L-inf error = 0.003445339880380015, rmse = 2.751755643394772
n0_avg, shape = (16395,): L-inf error = 1.150694004613179e-05, rmse = 159150530866155.78
T0_avg, shape = (16395,): L-inf error = 5.7117022170770965e-05, rmse = 0.07430739093000333
absolute error = 5e13
131160 39 39 
Data = xgc_f64.dat
Required eb = 5e+13
scaling factor = 8.0000
Compression time: 7.81075s
131160 39 39 
Decompression time: 7.89196s
Max value = 1.48293e+18, min value = 3154.32
Max error = 3.59556e+13, pos = 155928357
MSE = 6.09959e+25, PSNR = 105.569
Compression ratio = 18.7859
Reading: xgc.mesh.bp
Reading: xgc.f0.mesh.bp
Reading: xgc.fluxavg.bp
Reading: xgc.mesh.bp
Reading: xgc.equil.bp
sml_00_npsi, sml_inpsi, sml_outpsi= 400 0.0 1.1
sml_nphi_total= 8

density, shape = (8, 16395): L-inf error = 0.0008111626047317618, rmse = 6938019358079220.0
u_para, shape = (8, 16395): L-inf error = 0.004336285298291482, rmse = 79.2804129154848
T_perp, shape = (8, 16395): L-inf error = 0.001448505221351055, rmse = 1.0480168581237785
T_para, shape = (8, 16395): L-inf error = 0.0021541689965541336, rmse = 1.7507480748830906
n0_avg, shape = (16395,): L-inf error = 8.404708340290538e-06, rmse = 102765824057170.64
T0_avg, shape = (16395,): L-inf error = 3.416840729541434e-05, rmse = 0.051142159779746475
absolute error = 1e13
131160 39 39 
Data = xgc_f64.dat
Required eb = 1e+13
scaling factor = 8.0000
Compression time: 8.33777s
131160 39 39 
Decompression time: 9.87991s
Max value = 1.48293e+18, min value = 3154.32
Max error = 6.63895e+12, pos = 59091835
MSE = 3.07121e+24, PSNR = 118.549
Compression ratio = 11.716
Reading: xgc.mesh.bp
Reading: xgc.f0.mesh.bp
Reading: xgc.fluxavg.bp
Reading: xgc.mesh.bp
Reading: xgc.equil.bp
sml_00_npsi, sml_inpsi, sml_outpsi= 400 0.0 1.1
sml_nphi_total= 8

density, shape = (8, 16395): L-inf error = 0.00020477005708581037, rmse = 1344921212130349.8
u_para, shape = (8, 16395): L-inf error = 0.0009946693417564167, rmse = 21.45826754300771
T_perp, shape = (8, 16395): L-inf error = 0.00045537331967536714, rmse = 0.2505297648833463
T_para, shape = (8, 16395): L-inf error = 0.0007263491877084541, rmse = 0.48172579284234807
n0_avg, shape = (16395,): L-inf error = 1.3028051199565015e-06, rmse = 23153933849941.465
T0_avg, shape = (16395,): L-inf error = 5.632973219189528e-06, rmse = 0.008879520280284289
absolute error = 5e12
131160 39 39 
Data = xgc_f64.dat
Required eb = 5e+12
scaling factor = 8.0000
Compression time: 8.12225s
131160 39 39 
Decompression time: 10.5419s
Max value = 1.48293e+18, min value = 3154.32
Max error = 3.33867e+12, pos = 114085
MSE = 8.13749e+23, PSNR = 124.318
Compression ratio = 9.79914
Reading: xgc.mesh.bp
Reading: xgc.f0.mesh.bp
Reading: xgc.fluxavg.bp
Reading: xgc.mesh.bp
Reading: xgc.equil.bp
sml_00_npsi, sml_inpsi, sml_outpsi= 400 0.0 1.1
sml_nphi_total= 8

density, shape = (8, 16395): L-inf error = 9.110994298711301e-05, rmse = 682340297247729.0
u_para, shape = (8, 16395): L-inf error = 0.0006144317738335148, rmse = 11.796939603608289
T_perp, shape = (8, 16395): L-inf error = 0.00020513772496416678, rmse = 0.13336660669036293
T_para, shape = (8, 16395): L-inf error = 0.0004755850439635775, rmse = 0.2710026524495783
n0_avg, shape = (16395,): L-inf error = 8.649097182745464e-07, rmse = 13538299612614.791
T0_avg, shape = (16395,): L-inf error = 3.954923694242878e-06, rmse = 0.004708213889719363
absolute error = 1e12
131160 39 39 
Data = xgc_f64.dat
Required eb = 1e+12
scaling factor = 8.0000
Compression time: 8.35725s
131160 39 39 
Decompression time: 12.2087s
Max value = 1.48293e+18, min value = 3154.32
Max error = 7.00208e+11, pos = 26000009
MSE = 3.53221e+22, PSNR = 137.942
Compression ratio = 7.21757
Reading: xgc.mesh.bp
Reading: xgc.f0.mesh.bp
Reading: xgc.fluxavg.bp
Reading: xgc.mesh.bp
Reading: xgc.equil.bp
sml_00_npsi, sml_inpsi, sml_outpsi= 400 0.0 1.1
sml_nphi_total= 8

density, shape = (8, 16395): L-inf error = 1.8433186256939096e-05, rmse = 141808123594964.28
u_para, shape = (8, 16395): L-inf error = 0.0001271572589875238, rmse = 2.6985027164621207
T_perp, shape = (8, 16395): L-inf error = 5.1450869804294945e-05, rmse = 0.030103636279819608
T_para, shape = (8, 16395): L-inf error = 0.00010073810049464392, rmse = 0.06507862214755221
n0_avg, shape = (16395,): L-inf error = 1.322118220050191e-07, rmse = 761282622018.3693
T0_avg, shape = (16395,): L-inf error = 4.816064141105892e-07, rmse = 0.0004946495115336824
